01:49:05.204  INFO  manager.ApplicationManager  Testing on Chrome Driver
01:49:05.721  INFO  tests.TestBase             ############### Start  test loginNegativeTestWrongEmail
01:49:05.723  INFO  manager.NGListener  Start of the test: loginNegativeTestWrongEmail
01:49:05.726  INFO  manager.MyListener  Start searching element by By.xpath: //a[@href='/login']
01:49:05.772  INFO  manager.MyListener  The element with locator by By.xpath: //a[@href='/login'] is found successfully
01:49:05.842  INFO  manager.MyListener  Start searching element by By.xpath: //input[1]
01:49:05.859  INFO  manager.MyListener  The element with locator by By.xpath: //input[1] is found successfully
01:49:05.969  INFO  manager.MyListener  Start searching element by By.xpath: //input[2]
01:49:05.980  INFO  manager.MyListener  The element with locator by By.xpath: //input[2] is found successfully
01:49:06.073  INFO  manager.MyListener  Start searching element by By.xpath: //button[1]
01:49:06.091  INFO  manager.MyListener  The element with locator by By.xpath: //button[1] is found successfully
01:49:06.123  INFO  manager.NGListener  Test Success: loginNegativeTestWrongEmail
01:49:06.123  INFO  tests.TestBase       ###### Finished  #########
01:49:06.124  INFO  tests.TestBase             ############### Start  test loginPositiveTest
01:49:06.124  INFO  manager.NGListener  Start of the test: loginPositiveTest
01:49:06.124  INFO  manager.MyListener  Start searching element by By.xpath: //a[@href='/login']
01:49:06.133  INFO  manager.MyListener  The element with locator by By.xpath: //a[@href='/login'] is found successfully
01:49:06.168  INFO  manager.MyListener  Start searching element by By.xpath: //input[1]
01:49:07.195  INFO  manager.MyListener  Something went wrong!
01:49:07.195  INFO  manager.MyListener  Cannot locate an element using xpath=//input[1]
For documentation on this error, please visit: https://www.seleniumhq.org/exceptions/no_such_element.html
Build info: version: '3.141.59', revision: 'e82be7d358', time: '2018-11-14T08:17:03'
System info: host: 'LAPTOP-QKHLCVKT', ip: '192.168.88.107', os.name: 'Windows 11', os.arch: 'amd64', os.version: '10.0', java.version: '1.8.0_333'
Driver info: driver.version: EventFiringWebDriver
01:49:07.195  INFO  manager.MyListener  org.openqa.selenium.NoSuchElementException: Cannot locate an element using xpath=//input[1]
For documentation on this error, please visit: https://www.seleniumhq.org/exceptions/no_such_element.html
Build info: version: '3.141.59', revision: 'e82be7d358', time: '2018-11-14T08:17:03'
System info: host: 'LAPTOP-QKHLCVKT', ip: '192.168.88.107', os.name: 'Windows 11', os.arch: 'amd64', os.version: '10.0', java.version: '1.8.0_333'
Driver info: driver.version: EventFiringWebDriver
01:49:07.202  INFO  manager.NGListener  Test Failure: org.openqa.selenium.UnhandledAlertException: unexpected alert open: {Alert text : Wrong email or password}
  (Session info: chrome=113.0.5672.93): Wrong email or password
Build info: version: '3.141.59', revision: 'e82be7d358', time: '2018-11-14T08:17:03'
System info: host: 'LAPTOP-QKHLCVKT', ip: '192.168.88.107', os.name: 'Windows 11', os.arch: 'amd64', os.version: '10.0', java.version: '1.8.0_333'
Driver info: org.openqa.selenium.chrome.ChromeDriver
Capabilities {acceptInsecureCerts: false, browserName: chrome, browserVersion: 113.0.5672.93, chrome: {chromedriverVersion: 113.0.5672.63 (0e1a4471d5ae..., userDataDir: C:\Users\Liora\AppData\Loca...}, goog:chromeOptions: {debuggerAddress: localhost:50943}, javascriptEnabled: true, networkConnectionEnabled: false, pageLoadStrategy: normal, platform: WINDOWS, platformName: WINDOWS, proxy: Proxy(), setWindowRect: true, strictFileInteractability: false, timeouts: {implicit: 0, pageLoad: 300000, script: 30000}, unhandledPromptBehavior: dismiss and notify, webauthn:extension:credBlob: true, webauthn:extension:largeBlob: true, webauthn:extension:minPinLength: true, webauthn:extension:prf: true, webauthn:virtualAuthenticators: true}
Session ID: fc8509e5004d84e5260b78a197dbe8c5
01:49:07.202  INFO  tests.TestBase       ###### Finished  #########
01:49:07.208  INFO  tests.TestBase             ############### Start  test loginNegativeTestWrongEmail
01:49:07.208  INFO  manager.NGListener  Start of the test: loginNegativeTestWrongEmail
01:49:07.208  INFO  manager.MyListener  Start searching element by By.xpath: //a[@href='/login']
01:49:07.227  INFO  manager.MyListener  The element with locator by By.xpath: //a[@href='/login'] is found successfully
01:49:07.266  INFO  manager.MyListener  Start searching element by By.xpath: //input[1]
01:49:07.289  INFO  manager.MyListener  The element with locator by By.xpath: //input[1] is found successfully
01:49:07.427  INFO  manager.MyListener  Start searching element by By.xpath: //input[2]
01:49:07.446  INFO  manager.MyListener  The element with locator by By.xpath: //input[2] is found successfully
01:49:07.561  INFO  manager.MyListener  Start searching element by By.xpath: //button[1]
01:49:07.570  INFO  manager.MyListener  The element with locator by By.xpath: //button[1] is found successfully
01:49:07.604  INFO  manager.NGListener  Test Success: loginNegativeTestWrongEmail
01:49:07.605  INFO  tests.TestBase       ###### Finished  #########
01:49:07.605  INFO  tests.TestBase             ############### Start  test loginPositiveTest
01:49:07.605  INFO  manager.NGListener  Start of the test: loginPositiveTest
01:49:07.605  INFO  manager.MyListener  Start searching element by By.xpath: //a[@href='/login']
01:49:07.619  INFO  manager.MyListener  The element with locator by By.xpath: //a[@href='/login'] is found successfully
01:49:07.654  INFO  manager.MyListener  Start searching element by By.xpath: //input[1]
01:49:07.971  INFO  manager.MyListener  Something went wrong!
01:49:07.971  INFO  manager.MyListener  Cannot locate an element using xpath=//input[1]
For documentation on this error, please visit: https://www.seleniumhq.org/exceptions/no_such_element.html
Build info: version: '3.141.59', revision: 'e82be7d358', time: '2018-11-14T08:17:03'
System info: host: 'LAPTOP-QKHLCVKT', ip: '192.168.88.107', os.name: 'Windows 11', os.arch: 'amd64', os.version: '10.0', java.version: '1.8.0_333'
Driver info: driver.version: EventFiringWebDriver
01:49:07.971  INFO  manager.MyListener  org.openqa.selenium.NoSuchElementException: Cannot locate an element using xpath=//input[1]
For documentation on this error, please visit: https://www.seleniumhq.org/exceptions/no_such_element.html
Build info: version: '3.141.59', revision: 'e82be7d358', time: '2018-11-14T08:17:03'
System info: host: 'LAPTOP-QKHLCVKT', ip: '192.168.88.107', os.name: 'Windows 11', os.arch: 'amd64', os.version: '10.0', java.version: '1.8.0_333'
Driver info: driver.version: EventFiringWebDriver
01:49:07.976  INFO  manager.NGListener  Test Failure: org.openqa.selenium.UnhandledAlertException: unexpected alert open: {Alert text : Wrong email or password}
  (Session info: chrome=113.0.5672.93): Wrong email or password
Build info: version: '3.141.59', revision: 'e82be7d358', time: '2018-11-14T08:17:03'
System info: host: 'LAPTOP-QKHLCVKT', ip: '192.168.88.107', os.name: 'Windows 11', os.arch: 'amd64', os.version: '10.0', java.version: '1.8.0_333'
Driver info: org.openqa.selenium.chrome.ChromeDriver
Capabilities {acceptInsecureCerts: false, browserName: chrome, browserVersion: 113.0.5672.93, chrome: {chromedriverVersion: 113.0.5672.63 (0e1a4471d5ae..., userDataDir: C:\Users\Liora\AppData\Loca...}, goog:chromeOptions: {debuggerAddress: localhost:50943}, javascriptEnabled: true, networkConnectionEnabled: false, pageLoadStrategy: normal, platform: WINDOWS, platformName: WINDOWS, proxy: Proxy(), setWindowRect: true, strictFileInteractability: false, timeouts: {implicit: 0, pageLoad: 300000, script: 30000}, unhandledPromptBehavior: dismiss and notify, webauthn:extension:credBlob: true, webauthn:extension:largeBlob: true, webauthn:extension:minPinLength: true, webauthn:extension:prf: true, webauthn:virtualAuthenticators: true}
Session ID: fc8509e5004d84e5260b78a197dbe8c5
01:49:07.976  INFO  tests.TestBase       ###### Finished  #########
01:49:07.978  INFO  tests.TestBase             ############### Start  test regPositiveTest
01:49:07.978  INFO  manager.MyListener  Start searching element by By.xpath: //button[.='Sign Out']
01:49:11.133  INFO  manager.MyListener  The element with locator by By.xpath: //button[.='Sign Out'] is found successfully
01:49:11.133  INFO  manager.NGListener  Start of the test: regPositiveTest
01:49:11.133  INFO  manager.MyListener  Start searching element by By.xpath: //a[@href='/login']
01:49:11.144  INFO  manager.MyListener  Something went wrong!
01:49:11.144  INFO  manager.MyListener  no such window: target window already closed
from unknown error: web view not found
  (Session info: chrome=113.0.5672.93)
Build info: version: '3.141.59', revision: 'e82be7d358', time: '2018-11-14T08:17:03'
System info: host: 'LAPTOP-QKHLCVKT', ip: '192.168.88.107', os.name: 'Windows 11', os.arch: 'amd64', os.version: '10.0', java.version: '1.8.0_333'
Driver info: org.openqa.selenium.chrome.ChromeDriver
Capabilities {acceptInsecureCerts: false, browserName: chrome, browserVersion: 113.0.5672.93, chrome: {chromedriverVersion: 113.0.5672.63 (0e1a4471d5ae..., userDataDir: C:\Users\Liora\AppData\Loca...}, goog:chromeOptions: {debuggerAddress: localhost:50943}, javascriptEnabled: true, networkConnectionEnabled: false, pageLoadStrategy: normal, platform: WINDOWS, platformName: WINDOWS, proxy: Proxy(), setWindowRect: true, strictFileInteractability: false, timeouts: {implicit: 0, pageLoad: 300000, script: 30000}, unhandledPromptBehavior: dismiss and notify, webauthn:extension:credBlob: true, webauthn:extension:largeBlob: true, webauthn:extension:minPinLength: true, webauthn:extension:prf: true, webauthn:virtualAuthenticators: true}
Session ID: fc8509e5004d84e5260b78a197dbe8c5
*** Element info: {Using=xpath, value=//a[@href='/login']}
01:49:11.145  INFO  manager.MyListener  org.openqa.selenium.NoSuchWindowException: no such window: target window already closed
from unknown error: web view not found
  (Session info: chrome=113.0.5672.93)
Build info: version: '3.141.59', revision: 'e82be7d358', time: '2018-11-14T08:17:03'
System info: host: 'LAPTOP-QKHLCVKT', ip: '192.168.88.107', os.name: 'Windows 11', os.arch: 'amd64', os.version: '10.0', java.version: '1.8.0_333'
Driver info: org.openqa.selenium.chrome.ChromeDriver
Capabilities {acceptInsecureCerts: false, browserName: chrome, browserVersion: 113.0.5672.93, chrome: {chromedriverVersion: 113.0.5672.63 (0e1a4471d5ae..., userDataDir: C:\Users\Liora\AppData\Loca...}, goog:chromeOptions: {debuggerAddress: localhost:50943}, javascriptEnabled: true, networkConnectionEnabled: false, pageLoadStrategy: normal, platform: WINDOWS, platformName: WINDOWS, proxy: Proxy(), setWindowRect: true, strictFileInteractability: false, timeouts: {implicit: 0, pageLoad: 300000, script: 30000}, unhandledPromptBehavior: dismiss and notify, webauthn:extension:credBlob: true, webauthn:extension:largeBlob: true, webauthn:extension:minPinLength: true, webauthn:extension:prf: true, webauthn:virtualAuthenticators: true}
Session ID: fc8509e5004d84e5260b78a197dbe8c5
*** Element info: {Using=xpath, value=//a[@href='/login']}
01:49:11.147  INFO  manager.NGListener  Test Failure: org.openqa.selenium.NoSuchWindowException: no such window: target window already closed
from unknown error: web view not found
  (Session info: chrome=113.0.5672.93)
Build info: version: '3.141.59', revision: 'e82be7d358', time: '2018-11-14T08:17:03'
System info: host: 'LAPTOP-QKHLCVKT', ip: '192.168.88.107', os.name: 'Windows 11', os.arch: 'amd64', os.version: '10.0', java.version: '1.8.0_333'
Driver info: org.openqa.selenium.chrome.ChromeDriver
Capabilities {acceptInsecureCerts: false, browserName: chrome, browserVersion: 113.0.5672.93, chrome: {chromedriverVersion: 113.0.5672.63 (0e1a4471d5ae..., userDataDir: C:\Users\Liora\AppData\Loca...}, goog:chromeOptions: {debuggerAddress: localhost:50943}, javascriptEnabled: true, networkConnectionEnabled: false, pageLoadStrategy: normal, platform: WINDOWS, platformName: WINDOWS, proxy: Proxy(), setWindowRect: true, strictFileInteractability: false, timeouts: {implicit: 0, pageLoad: 300000, script: 30000}, unhandledPromptBehavior: dismiss and notify, webauthn:extension:credBlob: true, webauthn:extension:largeBlob: true, webauthn:extension:minPinLength: true, webauthn:extension:prf: true, webauthn:virtualAuthenticators: true}
Session ID: fc8509e5004d84e5260b78a197dbe8c5
01:49:11.148  INFO  tests.TestBase       ###### Finished  #########
01:49:11.150  INFO  tests.TestBase             ############### Start  test registrationWrongEmail
01:49:11.150  INFO  manager.MyListener  Start searching element by By.xpath: //button[.='Sign Out']
01:49:11.156  INFO  manager.MyListener  Something went wrong!
01:49:11.157  INFO  manager.MyListener  no such window: target window already closed
from unknown error: web view not found
  (Session info: chrome=113.0.5672.93)
Build info: version: '3.141.59', revision: 'e82be7d358', time: '2018-11-14T08:17:03'
System info: host: 'LAPTOP-QKHLCVKT', ip: '192.168.88.107', os.name: 'Windows 11', os.arch: 'amd64', os.version: '10.0', java.version: '1.8.0_333'
Driver info: org.openqa.selenium.chrome.ChromeDriver
Capabilities {acceptInsecureCerts: false, browserName: chrome, browserVersion: 113.0.5672.93, chrome: {chromedriverVersion: 113.0.5672.63 (0e1a4471d5ae..., userDataDir: C:\Users\Liora\AppData\Loca...}, goog:chromeOptions: {debuggerAddress: localhost:50943}, javascriptEnabled: true, networkConnectionEnabled: false, pageLoadStrategy: normal, platform: WINDOWS, platformName: WINDOWS, proxy: Proxy(), setWindowRect: true, strictFileInteractability: false, timeouts: {implicit: 0, pageLoad: 300000, script: 30000}, unhandledPromptBehavior: dismiss and notify, webauthn:extension:credBlob: true, webauthn:extension:largeBlob: true, webauthn:extension:minPinLength: true, webauthn:extension:prf: true, webauthn:virtualAuthenticators: true}
Session ID: fc8509e5004d84e5260b78a197dbe8c5
*** Element info: {Using=xpath, value=//button[.='Sign Out']}
01:49:11.157  INFO  manager.MyListener  org.openqa.selenium.NoSuchWindowException: no such window: target window already closed
from unknown error: web view not found
  (Session info: chrome=113.0.5672.93)
Build info: version: '3.141.59', revision: 'e82be7d358', time: '2018-11-14T08:17:03'
System info: host: 'LAPTOP-QKHLCVKT', ip: '192.168.88.107', os.name: 'Windows 11', os.arch: 'amd64', os.version: '10.0', java.version: '1.8.0_333'
Driver info: org.openqa.selenium.chrome.ChromeDriver
Capabilities {acceptInsecureCerts: false, browserName: chrome, browserVersion: 113.0.5672.93, chrome: {chromedriverVersion: 113.0.5672.63 (0e1a4471d5ae..., userDataDir: C:\Users\Liora\AppData\Loca...}, goog:chromeOptions: {debuggerAddress: localhost:50943}, javascriptEnabled: true, networkConnectionEnabled: false, pageLoadStrategy: normal, platform: WINDOWS, platformName: WINDOWS, proxy: Proxy(), setWindowRect: true, strictFileInteractability: false, timeouts: {implicit: 0, pageLoad: 300000, script: 30000}, unhandledPromptBehavior: dismiss and notify, webauthn:extension:credBlob: true, webauthn:extension:largeBlob: true, webauthn:extension:minPinLength: true, webauthn:extension:prf: true, webauthn:virtualAuthenticators: true}
Session ID: fc8509e5004d84e5260b78a197dbe8c5
*** Element info: {Using=xpath, value=//button[.='Sign Out']}
01:49:11.163  INFO  manager.NGListener  Start of the test: registrationWrongEmail
