15:33:23.779  INFO  manager.ApplicationManager  Testing on Firefox Driver
15:33:24.274  INFO  tests.TestBase             ############### Start  test loginNegativeTestWrongEmail
15:33:24.275  INFO  manager.NGListener  Start of the test: loginNegativeTestWrongEmail
15:33:24.277  INFO  manager.MyListener  Start searching element by By.xpath: //a[@href='/login']
15:33:24.301  INFO  manager.MyListener  The element with locator by By.xpath: //a[@href='/login'] is found successfully
15:33:24.571  INFO  manager.MyListener  Start searching element by By.xpath: //input[1]
15:33:24.589  INFO  manager.MyListener  The element with locator by By.xpath: //input[1] is found successfully
15:33:24.849  INFO  manager.MyListener  Start searching element by By.xpath: //input[2]
15:33:24.865  INFO  manager.MyListener  The element with locator by By.xpath: //input[2] is found successfully
15:33:25.639  INFO  manager.MyListener  Start searching element by By.xpath: //button[1]
15:33:25.657  INFO  manager.MyListener  The element with locator by By.xpath: //button[1] is found successfully
15:33:26.091  INFO  manager.NGListener  Test Success: loginNegativeTestWrongEmail
15:33:26.091  INFO  tests.TestBase       ###### Finished  #########
15:33:26.092  INFO  tests.TestBase             ############### Start  test loginNegativeTestWrongPassword
15:33:26.092  INFO  manager.NGListener  Start of the test: loginNegativeTestWrongPassword
15:33:26.092  INFO  manager.MyListener  Start searching element by By.xpath: //a[@href='/login']
15:33:26.107  INFO  manager.MyListener  The element with locator by By.xpath: //a[@href='/login'] is found successfully
15:33:26.738  INFO  manager.MyListener  Start searching element by By.xpath: //input[1]
15:33:28.446  INFO  manager.MyListener  Something went wrong!
15:33:28.447  INFO  manager.MyListener  Dismissed user prompt dialog: Wrong email or password: 
Build info: version: '3.141.59', revision: 'e82be7d358', time: '2018-11-14T08:17:03'
System info: host: 'LAPTOP-QKHLCVKT', ip: '192.168.88.107', os.name: 'Windows 11', os.arch: 'amd64', os.version: '10.0', java.version: '1.8.0_333'
Driver info: org.openqa.selenium.firefox.FirefoxDriver
Capabilities {acceptInsecureCerts: true, browserName: firefox, browserVersion: 113.0.1, javascriptEnabled: true, moz:accessibilityChecks: false, moz:buildID: 20230511191846, moz:geckodriverVersion: 0.32.0, moz:headless: false, moz:platformVersion: 10.0, moz:processID: 27108, moz:profile: C:\Users\Liora\AppData\Loca..., moz:shutdownTimeout: 60000, moz:useNonSpecCompliantPointerOrigin: false, moz:webdriverClick: true, moz:windowless: false, pageLoadStrategy: normal, platform: WINDOWS, platformName: WINDOWS, proxy: Proxy(), setWindowRect: true, strictFileInteractability: false, timeouts: {implicit: 0, pageLoad: 300000, script: 30000}, unhandledPromptBehavior: dismiss and notify}
Session ID: f5ca9fc4-ad8a-4576-a2dc-519afce1d2c6
*** Element info: {Using=xpath, value=//input[1]}
15:33:28.447  INFO  manager.MyListener  org.openqa.selenium.UnhandledAlertException: Dismissed user prompt dialog: Wrong email or password: 
Build info: version: '3.141.59', revision: 'e82be7d358', time: '2018-11-14T08:17:03'
System info: host: 'LAPTOP-QKHLCVKT', ip: '192.168.88.107', os.name: 'Windows 11', os.arch: 'amd64', os.version: '10.0', java.version: '1.8.0_333'
Driver info: org.openqa.selenium.firefox.FirefoxDriver
Capabilities {acceptInsecureCerts: true, browserName: firefox, browserVersion: 113.0.1, javascriptEnabled: true, moz:accessibilityChecks: false, moz:buildID: 20230511191846, moz:geckodriverVersion: 0.32.0, moz:headless: false, moz:platformVersion: 10.0, moz:processID: 27108, moz:profile: C:\Users\Liora\AppData\Loca..., moz:shutdownTimeout: 60000, moz:useNonSpecCompliantPointerOrigin: false, moz:webdriverClick: true, moz:windowless: false, pageLoadStrategy: normal, platform: WINDOWS, platformName: WINDOWS, proxy: Proxy(), setWindowRect: true, strictFileInteractability: false, timeouts: {implicit: 0, pageLoad: 300000, script: 30000}, unhandledPromptBehavior: dismiss and notify}
Session ID: f5ca9fc4-ad8a-4576-a2dc-519afce1d2c6
*** Element info: {Using=xpath, value=//input[1]}
15:33:28.685  INFO  manager.MyListener  Here is the link to screenshot with error: src/test/screenshots/screenshot - 2008.png
15:33:28.687  INFO  manager.NGListener  Test Failure: org.openqa.selenium.UnhandledAlertException: Dismissed user prompt dialog: Wrong email or password: 
Build info: version: '3.141.59', revision: 'e82be7d358', time: '2018-11-14T08:17:03'
System info: host: 'LAPTOP-QKHLCVKT', ip: '192.168.88.107', os.name: 'Windows 11', os.arch: 'amd64', os.version: '10.0', java.version: '1.8.0_333'
Driver info: org.openqa.selenium.firefox.FirefoxDriver
Capabilities {acceptInsecureCerts: true, browserName: firefox, browserVersion: 113.0.1, javascriptEnabled: true, moz:accessibilityChecks: false, moz:buildID: 20230511191846, moz:geckodriverVersion: 0.32.0, moz:headless: false, moz:platformVersion: 10.0, moz:processID: 27108, moz:profile: C:\Users\Liora\AppData\Loca..., moz:shutdownTimeout: 60000, moz:useNonSpecCompliantPointerOrigin: false, moz:webdriverClick: true, moz:windowless: false, pageLoadStrategy: normal, platform: WINDOWS, platformName: WINDOWS, proxy: Proxy(), setWindowRect: true, strictFileInteractability: false, timeouts: {implicit: 0, pageLoad: 300000, script: 30000}, unhandledPromptBehavior: dismiss and notify}
Session ID: f5ca9fc4-ad8a-4576-a2dc-519afce1d2c6
*** Element info: {Using=xpath, value=//input[1]}
15:33:28.687  INFO  tests.TestBase       ###### Finished  #########
15:33:28.688  INFO  tests.TestBase             ############### Start  test loginPositiveTest
15:33:28.688  INFO  manager.NGListener  Start of the test: loginPositiveTest
15:33:28.688  INFO  manager.MyListener  Start searching element by By.xpath: //a[@href='/login']
15:33:28.694  INFO  manager.MyListener  The element with locator by By.xpath: //a[@href='/login'] is found successfully
15:33:29.422  INFO  manager.MyListener  Start searching element by By.xpath: //input[1]
15:33:29.441  INFO  manager.MyListener  The element with locator by By.xpath: //input[1] is found successfully
15:33:29.965  INFO  manager.MyListener  Start searching element by By.xpath: //input[2]
15:33:29.973  INFO  manager.MyListener  The element with locator by By.xpath: //input[2] is found successfully
15:33:30.744  INFO  manager.MyListener  Start searching element by By.xpath: //button[1]
15:33:30.749  INFO  manager.MyListener  The element with locator by By.xpath: //button[1] is found successfully
15:33:31.207  INFO  manager.MyListener  Start searching element by By.xpath: //button[.='Sign Out']
15:33:31.228  INFO  manager.MyListener  The element with locator by By.xpath: //button[.='Sign Out'] is found successfully
15:33:31.230  INFO  manager.NGListener  Test Success: loginPositiveTest
15:33:31.230  INFO  tests.TestBase       ###### Finished  #########
15:33:31.230  INFO  tests.TestBase             ############### Start  test loginPositiveTest
15:33:31.230  INFO  manager.NGListener  Start of the test: loginPositiveTest
15:33:31.230  INFO  manager.MyListener  Start searching element by By.xpath: //a[@href='/login']
15:33:41.245  INFO  manager.MyListener  Something went wrong!
15:33:41.245  INFO  manager.MyListener  Unable to locate element: //a[@href='/login']
For documentation on this error, please visit: https://www.seleniumhq.org/exceptions/no_such_element.html
Build info: version: '3.141.59', revision: 'e82be7d358', time: '2018-11-14T08:17:03'
System info: host: 'LAPTOP-QKHLCVKT', ip: '192.168.88.107', os.name: 'Windows 11', os.arch: 'amd64', os.version: '10.0', java.version: '1.8.0_333'
Driver info: org.openqa.selenium.firefox.FirefoxDriver
Capabilities {acceptInsecureCerts: true, browserName: firefox, browserVersion: 113.0.1, javascriptEnabled: true, moz:accessibilityChecks: false, moz:buildID: 20230511191846, moz:geckodriverVersion: 0.32.0, moz:headless: false, moz:platformVersion: 10.0, moz:processID: 27108, moz:profile: C:\Users\Liora\AppData\Loca..., moz:shutdownTimeout: 60000, moz:useNonSpecCompliantPointerOrigin: false, moz:webdriverClick: true, moz:windowless: false, pageLoadStrategy: normal, platform: WINDOWS, platformName: WINDOWS, proxy: Proxy(), setWindowRect: true, strictFileInteractability: false, timeouts: {implicit: 0, pageLoad: 300000, script: 30000}, unhandledPromptBehavior: dismiss and notify}
Session ID: f5ca9fc4-ad8a-4576-a2dc-519afce1d2c6
*** Element info: {Using=xpath, value=//a[@href='/login']}
15:33:41.245  INFO  manager.MyListener  org.openqa.selenium.NoSuchElementException: Unable to locate element: //a[@href='/login']
For documentation on this error, please visit: https://www.seleniumhq.org/exceptions/no_such_element.html
Build info: version: '3.141.59', revision: 'e82be7d358', time: '2018-11-14T08:17:03'
System info: host: 'LAPTOP-QKHLCVKT', ip: '192.168.88.107', os.name: 'Windows 11', os.arch: 'amd64', os.version: '10.0', java.version: '1.8.0_333'
Driver info: org.openqa.selenium.firefox.FirefoxDriver
Capabilities {acceptInsecureCerts: true, browserName: firefox, browserVersion: 113.0.1, javascriptEnabled: true, moz:accessibilityChecks: false, moz:buildID: 20230511191846, moz:geckodriverVersion: 0.32.0, moz:headless: false, moz:platformVersion: 10.0, moz:processID: 27108, moz:profile: C:\Users\Liora\AppData\Loca..., moz:shutdownTimeout: 60000, moz:useNonSpecCompliantPointerOrigin: false, moz:webdriverClick: true, moz:windowless: false, pageLoadStrategy: normal, platform: WINDOWS, platformName: WINDOWS, proxy: Proxy(), setWindowRect: true, strictFileInteractability: false, timeouts: {implicit: 0, pageLoad: 300000, script: 30000}, unhandledPromptBehavior: dismiss and notify}
Session ID: f5ca9fc4-ad8a-4576-a2dc-519afce1d2c6
*** Element info: {Using=xpath, value=//a[@href='/login']}
15:33:41.623  INFO  manager.MyListener  Here is the link to screenshot with error: src/test/screenshots/screenshot - 2021.png
15:33:41.624  INFO  manager.NGListener  Test Failure: org.openqa.selenium.NoSuchElementException: Unable to locate element: //a[@href='/login']
For documentation on this error, please visit: https://www.seleniumhq.org/exceptions/no_such_element.html
Build info: version: '3.141.59', revision: 'e82be7d358', time: '2018-11-14T08:17:03'
System info: host: 'LAPTOP-QKHLCVKT', ip: '192.168.88.107', os.name: 'Windows 11', os.arch: 'amd64', os.version: '10.0', java.version: '1.8.0_333'
Driver info: org.openqa.selenium.firefox.FirefoxDriver
Capabilities {acceptInsecureCerts: true, browserName: firefox, browserVersion: 113.0.1, javascriptEnabled: true, moz:accessibilityChecks: false, moz:buildID: 20230511191846, moz:geckodriverVersion: 0.32.0, moz:headless: false, moz:platformVersion: 10.0, moz:processID: 27108, moz:profile: C:\Users\Liora\AppData\Loca..., moz:shutdownTimeout: 60000, moz:useNonSpecCompliantPointerOrigin: false, moz:webdriverClick: true, moz:windowless: false, pageLoadStrategy: normal, platform: WINDOWS, platformName: WINDOWS, proxy: Proxy(), setWindowRect: true, strictFileInteractability: false, timeouts: {implicit: 0, pageLoad: 300000, script: 30000}, unhandledPromptBehavior: dismiss and notify}
Session ID: f5ca9fc4-ad8a-4576-a2dc-519afce1d2c6
*** Element info: {Using=xpath, value=//a[@href='/login']}
15:33:41.624  INFO  tests.TestBase       ###### Finished  #########
15:33:41.625  INFO  tests.TestBase             ############### Start  test loginPositiveTest
15:33:41.625  INFO  manager.NGListener  Start of the test: loginPositiveTest
15:33:41.625  INFO  manager.MyListener  Start searching element by By.xpath: //a[@href='/login']
15:33:51.641  INFO  manager.MyListener  Something went wrong!
15:33:51.641  INFO  manager.MyListener  Unable to locate element: //a[@href='/login']
For documentation on this error, please visit: https://www.seleniumhq.org/exceptions/no_such_element.html
Build info: version: '3.141.59', revision: 'e82be7d358', time: '2018-11-14T08:17:03'
System info: host: 'LAPTOP-QKHLCVKT', ip: '192.168.88.107', os.name: 'Windows 11', os.arch: 'amd64', os.version: '10.0', java.version: '1.8.0_333'
Driver info: org.openqa.selenium.firefox.FirefoxDriver
Capabilities {acceptInsecureCerts: true, browserName: firefox, browserVersion: 113.0.1, javascriptEnabled: true, moz:accessibilityChecks: false, moz:buildID: 20230511191846, moz:geckodriverVersion: 0.32.0, moz:headless: false, moz:platformVersion: 10.0, moz:processID: 27108, moz:profile: C:\Users\Liora\AppData\Loca..., moz:shutdownTimeout: 60000, moz:useNonSpecCompliantPointerOrigin: false, moz:webdriverClick: true, moz:windowless: false, pageLoadStrategy: normal, platform: WINDOWS, platformName: WINDOWS, proxy: Proxy(), setWindowRect: true, strictFileInteractability: false, timeouts: {implicit: 0, pageLoad: 300000, script: 30000}, unhandledPromptBehavior: dismiss and notify}
Session ID: f5ca9fc4-ad8a-4576-a2dc-519afce1d2c6
*** Element info: {Using=xpath, value=//a[@href='/login']}
15:33:51.641  INFO  manager.MyListener  org.openqa.selenium.NoSuchElementException: Unable to locate element: //a[@href='/login']
For documentation on this error, please visit: https://www.seleniumhq.org/exceptions/no_such_element.html
Build info: version: '3.141.59', revision: 'e82be7d358', time: '2018-11-14T08:17:03'
System info: host: 'LAPTOP-QKHLCVKT', ip: '192.168.88.107', os.name: 'Windows 11', os.arch: 'amd64', os.version: '10.0', java.version: '1.8.0_333'
Driver info: org.openqa.selenium.firefox.FirefoxDriver
Capabilities {acceptInsecureCerts: true, browserName: firefox, browserVersion: 113.0.1, javascriptEnabled: true, moz:accessibilityChecks: false, moz:buildID: 20230511191846, moz:geckodriverVersion: 0.32.0, moz:headless: false, moz:platformVersion: 10.0, moz:processID: 27108, moz:profile: C:\Users\Liora\AppData\Loca..., moz:shutdownTimeout: 60000, moz:useNonSpecCompliantPointerOrigin: false, moz:webdriverClick: true, moz:windowless: false, pageLoadStrategy: normal, platform: WINDOWS, platformName: WINDOWS, proxy: Proxy(), setWindowRect: true, strictFileInteractability: false, timeouts: {implicit: 0, pageLoad: 300000, script: 30000}, unhandledPromptBehavior: dismiss and notify}
Session ID: f5ca9fc4-ad8a-4576-a2dc-519afce1d2c6
*** Element info: {Using=xpath, value=//a[@href='/login']}
15:33:51.881  INFO  manager.MyListener  Here is the link to screenshot with error: src/test/screenshots/screenshot - 2031.png
15:33:51.881  INFO  manager.NGListener  Test Failure: org.openqa.selenium.NoSuchElementException: Unable to locate element: //a[@href='/login']
For documentation on this error, please visit: https://www.seleniumhq.org/exceptions/no_such_element.html
Build info: version: '3.141.59', revision: 'e82be7d358', time: '2018-11-14T08:17:03'
System info: host: 'LAPTOP-QKHLCVKT', ip: '192.168.88.107', os.name: 'Windows 11', os.arch: 'amd64', os.version: '10.0', java.version: '1.8.0_333'
Driver info: org.openqa.selenium.firefox.FirefoxDriver
Capabilities {acceptInsecureCerts: true, browserName: firefox, browserVersion: 113.0.1, javascriptEnabled: true, moz:accessibilityChecks: false, moz:buildID: 20230511191846, moz:geckodriverVersion: 0.32.0, moz:headless: false, moz:platformVersion: 10.0, moz:processID: 27108, moz:profile: C:\Users\Liora\AppData\Loca..., moz:shutdownTimeout: 60000, moz:useNonSpecCompliantPointerOrigin: false, moz:webdriverClick: true, moz:windowless: false, pageLoadStrategy: normal, platform: WINDOWS, platformName: WINDOWS, proxy: Proxy(), setWindowRect: true, strictFileInteractability: false, timeouts: {implicit: 0, pageLoad: 300000, script: 30000}, unhandledPromptBehavior: dismiss and notify}
Session ID: f5ca9fc4-ad8a-4576-a2dc-519afce1d2c6
*** Element info: {Using=xpath, value=//a[@href='/login']}
15:33:51.881  INFO  tests.TestBase       ###### Finished  #########
