21:25:54.810  INFO  tests.TestBase             ############### Start  test loginNegativeTestWrongEmail
21:25:54.814  INFO  manager.NGListener  Start of the test: loginNegativeTestWrongEmail
21:25:54.817  INFO  manager.MyListener  Start searching element by By.xpath: //a[@href='/login']
21:25:54.847  INFO  manager.MyListener  The element with locator by By.xpath: //a[@href='/login'] is found successfully
21:25:54.954  INFO  manager.MyListener  Start searching element by By.xpath: //input[1]
21:25:54.983  INFO  manager.MyListener  The element with locator by By.xpath: //input[1] is found successfully
21:25:55.125  INFO  manager.MyListener  Start searching element by By.xpath: //input[2]
21:25:55.147  INFO  manager.MyListener  The element with locator by By.xpath: //input[2] is found successfully
21:25:55.261  INFO  manager.MyListener  Start searching element by By.xpath: //button[1]
21:25:55.272  INFO  manager.MyListener  The element with locator by By.xpath: //button[1] is found successfully
21:25:55.305  INFO  manager.NGListener  Test Success: loginNegativeTestWrongEmail
21:25:55.307  INFO  tests.TestBase       ###### Finished  #########
21:25:55.308  INFO  tests.TestBase             ############### Start  test loginPositiveTest
21:25:55.308  INFO  manager.NGListener  Start of the test: loginPositiveTest
21:25:55.308  INFO  manager.MyListener  Start searching element by By.xpath: //a[@href='/login']
21:25:55.315  INFO  manager.MyListener  The element with locator by By.xpath: //a[@href='/login'] is found successfully
21:25:55.354  INFO  manager.MyListener  Start searching element by By.xpath: //input[1]
21:25:56.333  INFO  manager.MyListener  Something went wrong!
21:25:56.335  INFO  manager.MyListener  Cannot locate an element using xpath=//input[1]
For documentation on this error, please visit: https://www.seleniumhq.org/exceptions/no_such_element.html
Build info: version: '3.141.59', revision: 'e82be7d358', time: '2018-11-14T08:17:03'
System info: host: 'LAPTOP-QKHLCVKT', ip: '192.168.88.107', os.name: 'Windows 11', os.arch: 'amd64', os.version: '10.0', java.version: '1.8.0_333'
Driver info: driver.version: EventFiringWebDriver
21:25:56.335  INFO  manager.MyListener  org.openqa.selenium.NoSuchElementException: Cannot locate an element using xpath=//input[1]
For documentation on this error, please visit: https://www.seleniumhq.org/exceptions/no_such_element.html
Build info: version: '3.141.59', revision: 'e82be7d358', time: '2018-11-14T08:17:03'
System info: host: 'LAPTOP-QKHLCVKT', ip: '192.168.88.107', os.name: 'Windows 11', os.arch: 'amd64', os.version: '10.0', java.version: '1.8.0_333'
Driver info: driver.version: EventFiringWebDriver
21:25:56.345  INFO  manager.NGListener  Test Failure: org.openqa.selenium.UnhandledAlertException: unexpected alert open: {Alert text : Wrong email or password}
  (Session info: chrome=113.0.5672.93): Wrong email or password
Build info: version: '3.141.59', revision: 'e82be7d358', time: '2018-11-14T08:17:03'
System info: host: 'LAPTOP-QKHLCVKT', ip: '192.168.88.107', os.name: 'Windows 11', os.arch: 'amd64', os.version: '10.0', java.version: '1.8.0_333'
Driver info: org.openqa.selenium.chrome.ChromeDriver
Capabilities {acceptInsecureCerts: false, browserName: chrome, browserVersion: 113.0.5672.93, chrome: {chromedriverVersion: 113.0.5672.63 (0e1a4471d5ae..., userDataDir: C:\Users\Liora\AppData\Loca...}, goog:chromeOptions: {debuggerAddress: localhost:61371}, javascriptEnabled: true, networkConnectionEnabled: false, pageLoadStrategy: normal, platform: WINDOWS, platformName: WINDOWS, proxy: Proxy(), setWindowRect: true, strictFileInteractability: false, timeouts: {implicit: 0, pageLoad: 300000, script: 30000}, unhandledPromptBehavior: dismiss and notify, webauthn:extension:credBlob: true, webauthn:extension:largeBlob: true, webauthn:extension:minPinLength: true, webauthn:extension:prf: true, webauthn:virtualAuthenticators: true}
Session ID: d309ca5a1318b65a2966d952aa10a88f
21:25:56.345  INFO  tests.TestBase       ###### Finished  #########
21:25:56.348  INFO  tests.TestBase             ############### Start  test loginNegativeTestWrongEmail
21:25:56.349  INFO  manager.NGListener  Start of the test: loginNegativeTestWrongEmail
21:25:56.349  INFO  manager.MyListener  Start searching element by By.xpath: //a[@href='/login']
21:25:56.361  INFO  manager.MyListener  The element with locator by By.xpath: //a[@href='/login'] is found successfully
21:25:56.397  INFO  manager.MyListener  Start searching element by By.xpath: //input[1]
21:25:56.407  INFO  manager.MyListener  The element with locator by By.xpath: //input[1] is found successfully
21:25:56.565  INFO  manager.MyListener  Start searching element by By.xpath: //input[2]
21:25:56.577  INFO  manager.MyListener  The element with locator by By.xpath: //input[2] is found successfully
21:25:56.689  INFO  manager.MyListener  Start searching element by By.xpath: //button[1]
21:25:56.702  INFO  manager.MyListener  The element with locator by By.xpath: //button[1] is found successfully
21:25:56.735  INFO  manager.NGListener  Test Success: loginNegativeTestWrongEmail
21:25:56.736  INFO  tests.TestBase       ###### Finished  #########
21:25:56.736  INFO  tests.TestBase             ############### Start  test loginPositiveTest
21:25:56.736  INFO  manager.NGListener  Start of the test: loginPositiveTest
21:25:56.736  INFO  manager.MyListener  Start searching element by By.xpath: //a[@href='/login']
21:25:56.748  INFO  manager.MyListener  The element with locator by By.xpath: //a[@href='/login'] is found successfully
21:25:56.780  INFO  manager.MyListener  Start searching element by By.xpath: //input[1]
21:25:57.098  INFO  manager.MyListener  Something went wrong!
21:25:57.098  INFO  manager.MyListener  Cannot locate an element using xpath=//input[1]
For documentation on this error, please visit: https://www.seleniumhq.org/exceptions/no_such_element.html
Build info: version: '3.141.59', revision: 'e82be7d358', time: '2018-11-14T08:17:03'
System info: host: 'LAPTOP-QKHLCVKT', ip: '192.168.88.107', os.name: 'Windows 11', os.arch: 'amd64', os.version: '10.0', java.version: '1.8.0_333'
Driver info: driver.version: EventFiringWebDriver
21:25:57.098  INFO  manager.MyListener  org.openqa.selenium.NoSuchElementException: Cannot locate an element using xpath=//input[1]
For documentation on this error, please visit: https://www.seleniumhq.org/exceptions/no_such_element.html
Build info: version: '3.141.59', revision: 'e82be7d358', time: '2018-11-14T08:17:03'
System info: host: 'LAPTOP-QKHLCVKT', ip: '192.168.88.107', os.name: 'Windows 11', os.arch: 'amd64', os.version: '10.0', java.version: '1.8.0_333'
Driver info: driver.version: EventFiringWebDriver
21:25:57.100  INFO  manager.NGListener  Test Failure: org.openqa.selenium.UnhandledAlertException: unexpected alert open: {Alert text : Wrong email or password}
  (Session info: chrome=113.0.5672.93): Wrong email or password
Build info: version: '3.141.59', revision: 'e82be7d358', time: '2018-11-14T08:17:03'
System info: host: 'LAPTOP-QKHLCVKT', ip: '192.168.88.107', os.name: 'Windows 11', os.arch: 'amd64', os.version: '10.0', java.version: '1.8.0_333'
Driver info: org.openqa.selenium.chrome.ChromeDriver
Capabilities {acceptInsecureCerts: false, browserName: chrome, browserVersion: 113.0.5672.93, chrome: {chromedriverVersion: 113.0.5672.63 (0e1a4471d5ae..., userDataDir: C:\Users\Liora\AppData\Loca...}, goog:chromeOptions: {debuggerAddress: localhost:61371}, javascriptEnabled: true, networkConnectionEnabled: false, pageLoadStrategy: normal, platform: WINDOWS, platformName: WINDOWS, proxy: Proxy(), setWindowRect: true, strictFileInteractability: false, timeouts: {implicit: 0, pageLoad: 300000, script: 30000}, unhandledPromptBehavior: dismiss and notify, webauthn:extension:credBlob: true, webauthn:extension:largeBlob: true, webauthn:extension:minPinLength: true, webauthn:extension:prf: true, webauthn:virtualAuthenticators: true}
Session ID: d309ca5a1318b65a2966d952aa10a88f
21:25:57.101  INFO  tests.TestBase       ###### Finished  #########
21:25:57.103  INFO  tests.TestBase             ############### Start  test regPositiveTest
21:25:57.104  INFO  manager.MyListener  Start searching element by By.xpath: //button[.='Sign Out']
21:26:07.153  INFO  manager.MyListener  The element with locator by By.xpath: //button[.='Sign Out'] is found successfully
21:26:07.153  INFO  manager.NGListener  Start of the test: regPositiveTest
21:26:07.153  INFO  manager.MyListener  Start searching element by By.xpath: //a[@href='/login']
21:26:07.166  INFO  manager.MyListener  The element with locator by By.xpath: //a[@href='/login'] is found successfully
21:26:07.209  INFO  manager.MyListener  Start searching element by By.xpath: //input[1]
21:26:07.228  INFO  manager.MyListener  The element with locator by By.xpath: //input[1] is found successfully
21:26:07.350  INFO  manager.MyListener  Start searching element by By.xpath: //input[2]
21:26:07.372  INFO  manager.MyListener  The element with locator by By.xpath: //input[2] is found successfully
21:26:07.475  INFO  manager.MyListener  Start searching element by By.xpath: //button[2]
21:26:07.497  INFO  manager.MyListener  The element with locator by By.xpath: //button[2] is found successfully
21:26:07.528  INFO  manager.MyListener  Start searching element by By.xpath: //a[text()='ADD']
21:26:08.015  INFO  manager.MyListener  The element with locator by By.xpath: //a[text()='ADD'] is found successfully
21:26:08.017  INFO  manager.NGListener  Test Success: regPositiveTest
21:26:08.018  INFO  tests.TestBase       ###### Finished  #########
21:26:08.019  INFO  tests.TestBase             ############### Start  test registrationWrongEmail
21:26:08.019  INFO  manager.MyListener  Start searching element by By.xpath: //button[.='Sign Out']
21:26:08.045  INFO  manager.MyListener  The element with locator by By.xpath: //button[.='Sign Out'] is found successfully
21:26:08.046  INFO  manager.MyListener  Start searching element by By.xpath: //button[.='Sign Out']
21:26:08.060  INFO  manager.MyListener  The element with locator by By.xpath: //button[.='Sign Out'] is found successfully
21:26:08.100  INFO  manager.NGListener  Start of the test: registrationWrongEmail
21:26:08.100  INFO  manager.MyListener  Start searching element by By.xpath: //a[@href='/login']
21:26:08.123  INFO  manager.MyListener  The element with locator by By.xpath: //a[@href='/login'] is found successfully
21:26:08.152  INFO  tests.TestBase  registrationWrongEmail starts with name1568mail.com & $Abcd1234
21:26:08.152  INFO  manager.MyListener  Start searching element by By.xpath: //input[1]
21:26:08.166  INFO  manager.MyListener  The element with locator by By.xpath: //input[1] is found successfully
21:26:08.273  INFO  manager.MyListener  Start searching element by By.xpath: //input[2]
21:26:08.291  INFO  manager.MyListener  The element with locator by By.xpath: //input[2] is found successfully
21:26:08.392  INFO  manager.MyListener  Start searching element by By.xpath: //button[2]
21:26:08.417  INFO  manager.MyListener  The element with locator by By.xpath: //button[2] is found successfully
21:26:09.028  INFO  manager.NGListener  Test Success: registrationWrongEmail
21:26:09.031  INFO  tests.TestBase       ###### Finished  #########
