20:46:13.314  INFO  manager.ApplicationManager  Testing on Chrome Driver
20:46:13.750  INFO  tests.TestBase             ############### Start  test loginNegativeTestWrongEmail
20:46:13.752  INFO  manager.NGListener  Start of the test: loginNegativeTestWrongEmail
20:46:13.756  INFO  manager.MyListener  Start searching element by By.xpath: //a[@href='/login']
20:46:13.776  INFO  manager.MyListener  The element with locator by By.xpath: //a[@href='/login'] is found successfully
20:46:13.845  INFO  manager.MyListener  Start searching element by By.xpath: //input[1]
20:46:13.877  INFO  manager.MyListener  The element with locator by By.xpath: //input[1] is found successfully
20:46:14.086  INFO  manager.MyListener  Start searching element by By.xpath: //input[2]
20:46:14.098  INFO  manager.MyListener  The element with locator by By.xpath: //input[2] is found successfully
20:46:14.218  INFO  manager.MyListener  Start searching element by By.xpath: //button[1]
20:46:14.242  INFO  manager.MyListener  The element with locator by By.xpath: //button[1] is found successfully
20:46:14.296  INFO  manager.NGListener  Test Success: loginNegativeTestWrongEmail
20:46:14.297  INFO  tests.TestBase       ###### Finished  #########
20:46:14.299  INFO  tests.TestBase             ############### Start  test loginPositiveTest
20:46:14.299  INFO  manager.NGListener  Start of the test: loginPositiveTest
20:46:14.299  INFO  manager.MyListener  Start searching element by By.xpath: //a[@href='/login']
20:46:14.310  INFO  manager.MyListener  The element with locator by By.xpath: //a[@href='/login'] is found successfully
20:46:14.354  INFO  manager.MyListener  Start searching element by By.xpath: //input[1]
20:46:15.301  INFO  manager.MyListener  Something went wrong!
20:46:15.301  INFO  manager.MyListener  Cannot locate an element using xpath=//input[1]
For documentation on this error, please visit: https://www.seleniumhq.org/exceptions/no_such_element.html
Build info: version: '3.141.59', revision: 'e82be7d358', time: '2018-11-14T08:17:03'
System info: host: 'LAPTOP-QKHLCVKT', ip: '192.168.88.107', os.name: 'Windows 11', os.arch: 'amd64', os.version: '10.0', java.version: '1.8.0_333'
Driver info: driver.version: EventFiringWebDriver
20:46:15.301  INFO  manager.MyListener  org.openqa.selenium.NoSuchElementException: Cannot locate an element using xpath=//input[1]
For documentation on this error, please visit: https://www.seleniumhq.org/exceptions/no_such_element.html
Build info: version: '3.141.59', revision: 'e82be7d358', time: '2018-11-14T08:17:03'
System info: host: 'LAPTOP-QKHLCVKT', ip: '192.168.88.107', os.name: 'Windows 11', os.arch: 'amd64', os.version: '10.0', java.version: '1.8.0_333'
Driver info: driver.version: EventFiringWebDriver
20:46:15.311  INFO  manager.NGListener  Test Failure: org.openqa.selenium.UnhandledAlertException: unexpected alert open: {Alert text : Wrong email or password}
  (Session info: chrome=113.0.5672.93): Wrong email or password
Build info: version: '3.141.59', revision: 'e82be7d358', time: '2018-11-14T08:17:03'
System info: host: 'LAPTOP-QKHLCVKT', ip: '192.168.88.107', os.name: 'Windows 11', os.arch: 'amd64', os.version: '10.0', java.version: '1.8.0_333'
Driver info: org.openqa.selenium.chrome.ChromeDriver
Capabilities {acceptInsecureCerts: false, browserName: chrome, browserVersion: 113.0.5672.93, chrome: {chromedriverVersion: 113.0.5672.63 (0e1a4471d5ae..., userDataDir: C:\Users\Liora\AppData\Loca...}, goog:chromeOptions: {debuggerAddress: localhost:49171}, javascriptEnabled: true, networkConnectionEnabled: false, pageLoadStrategy: normal, platform: WINDOWS, platformName: WINDOWS, proxy: Proxy(), setWindowRect: true, strictFileInteractability: false, timeouts: {implicit: 0, pageLoad: 300000, script: 30000}, unhandledPromptBehavior: dismiss and notify, webauthn:extension:credBlob: true, webauthn:extension:largeBlob: true, webauthn:extension:minPinLength: true, webauthn:extension:prf: true, webauthn:virtualAuthenticators: true}
Session ID: 0a7505dcacd0d0571a4fa0c8df0e00b9
20:46:15.312  INFO  tests.TestBase       ###### Finished  #########
20:46:15.317  INFO  tests.TestBase             ############### Start  test loginNegativeTestWrongEmail
20:46:15.317  INFO  manager.NGListener  Start of the test: loginNegativeTestWrongEmail
20:46:15.318  INFO  manager.MyListener  Start searching element by By.xpath: //a[@href='/login']
20:46:15.341  INFO  manager.MyListener  The element with locator by By.xpath: //a[@href='/login'] is found successfully
20:46:15.379  INFO  manager.MyListener  Start searching element by By.xpath: //input[1]
20:46:15.397  INFO  manager.MyListener  The element with locator by By.xpath: //input[1] is found successfully
20:46:15.572  INFO  manager.MyListener  Start searching element by By.xpath: //input[2]
20:46:15.582  INFO  manager.MyListener  The element with locator by By.xpath: //input[2] is found successfully
20:46:15.694  INFO  manager.MyListener  Start searching element by By.xpath: //button[1]
20:46:15.707  INFO  manager.MyListener  The element with locator by By.xpath: //button[1] is found successfully
20:46:15.739  INFO  manager.NGListener  Test Success: loginNegativeTestWrongEmail
20:46:15.740  INFO  tests.TestBase       ###### Finished  #########
20:46:15.740  INFO  tests.TestBase             ############### Start  test loginPositiveTest
20:46:15.740  INFO  manager.NGListener  Start of the test: loginPositiveTest
20:46:15.740  INFO  manager.MyListener  Start searching element by By.xpath: //a[@href='/login']
20:46:15.753  INFO  manager.MyListener  The element with locator by By.xpath: //a[@href='/login'] is found successfully
20:46:15.784  INFO  manager.MyListener  Start searching element by By.xpath: //input[1]
20:46:16.108  INFO  manager.MyListener  Something went wrong!
20:46:16.108  INFO  manager.MyListener  Cannot locate an element using xpath=//input[1]
For documentation on this error, please visit: https://www.seleniumhq.org/exceptions/no_such_element.html
Build info: version: '3.141.59', revision: 'e82be7d358', time: '2018-11-14T08:17:03'
System info: host: 'LAPTOP-QKHLCVKT', ip: '192.168.88.107', os.name: 'Windows 11', os.arch: 'amd64', os.version: '10.0', java.version: '1.8.0_333'
Driver info: driver.version: EventFiringWebDriver
20:46:16.108  INFO  manager.MyListener  org.openqa.selenium.NoSuchElementException: Cannot locate an element using xpath=//input[1]
For documentation on this error, please visit: https://www.seleniumhq.org/exceptions/no_such_element.html
Build info: version: '3.141.59', revision: 'e82be7d358', time: '2018-11-14T08:17:03'
System info: host: 'LAPTOP-QKHLCVKT', ip: '192.168.88.107', os.name: 'Windows 11', os.arch: 'amd64', os.version: '10.0', java.version: '1.8.0_333'
Driver info: driver.version: EventFiringWebDriver
20:46:16.112  INFO  manager.NGListener  Test Failure: org.openqa.selenium.UnhandledAlertException: unexpected alert open: {Alert text : Wrong email or password}
  (Session info: chrome=113.0.5672.93): Wrong email or password
Build info: version: '3.141.59', revision: 'e82be7d358', time: '2018-11-14T08:17:03'
System info: host: 'LAPTOP-QKHLCVKT', ip: '192.168.88.107', os.name: 'Windows 11', os.arch: 'amd64', os.version: '10.0', java.version: '1.8.0_333'
Driver info: org.openqa.selenium.chrome.ChromeDriver
Capabilities {acceptInsecureCerts: false, browserName: chrome, browserVersion: 113.0.5672.93, chrome: {chromedriverVersion: 113.0.5672.63 (0e1a4471d5ae..., userDataDir: C:\Users\Liora\AppData\Loca...}, goog:chromeOptions: {debuggerAddress: localhost:49171}, javascriptEnabled: true, networkConnectionEnabled: false, pageLoadStrategy: normal, platform: WINDOWS, platformName: WINDOWS, proxy: Proxy(), setWindowRect: true, strictFileInteractability: false, timeouts: {implicit: 0, pageLoad: 300000, script: 30000}, unhandledPromptBehavior: dismiss and notify, webauthn:extension:credBlob: true, webauthn:extension:largeBlob: true, webauthn:extension:minPinLength: true, webauthn:extension:prf: true, webauthn:virtualAuthenticators: true}
Session ID: 0a7505dcacd0d0571a4fa0c8df0e00b9
20:46:16.113  INFO  tests.TestBase       ###### Finished  #########
20:46:16.115  INFO  tests.TestBase             ############### Start  test regPositiveTest
20:46:16.116  INFO  manager.MyListener  Start searching element by By.xpath: //button[.='Sign Out']
20:46:26.147  INFO  manager.MyListener  The element with locator by By.xpath: //button[.='Sign Out'] is found successfully
20:46:26.147  INFO  manager.NGListener  Start of the test: regPositiveTest
20:46:26.147  INFO  manager.MyListener  Start searching element by By.xpath: //a[@href='/login']
20:46:26.162  INFO  manager.MyListener  The element with locator by By.xpath: //a[@href='/login'] is found successfully
20:46:26.195  INFO  manager.MyListener  Start searching element by By.xpath: //input[1]
20:46:26.207  INFO  manager.MyListener  The element with locator by By.xpath: //input[1] is found successfully
20:46:26.334  INFO  manager.MyListener  Start searching element by By.xpath: //input[2]
20:46:26.343  INFO  manager.MyListener  The element with locator by By.xpath: //input[2] is found successfully
20:46:26.455  INFO  manager.MyListener  Start searching element by By.xpath: //button[2]
20:46:26.473  INFO  manager.MyListener  The element with locator by By.xpath: //button[2] is found successfully
20:46:26.499  INFO  manager.MyListener  Start searching element by By.xpath: //a[text()='ADD']
20:46:26.955  INFO  manager.MyListener  The element with locator by By.xpath: //a[text()='ADD'] is found successfully
20:46:26.956  INFO  manager.NGListener  Test Success: regPositiveTest
20:46:26.957  INFO  tests.TestBase       ###### Finished  #########
20:46:26.958  INFO  tests.TestBase             ############### Start  test registrationWrongEmail
20:46:26.958  INFO  manager.MyListener  Start searching element by By.xpath: //button[.='Sign Out']
20:46:26.969  INFO  manager.MyListener  The element with locator by By.xpath: //button[.='Sign Out'] is found successfully
20:46:26.969  INFO  manager.MyListener  Start searching element by By.xpath: //button[.='Sign Out']
20:46:26.988  INFO  manager.MyListener  The element with locator by By.xpath: //button[.='Sign Out'] is found successfully
20:46:27.020  INFO  manager.NGListener  Start of the test: registrationWrongEmail
20:46:27.020  INFO  manager.MyListener  Start searching element by By.xpath: //a[@href='/login']
20:46:27.031  INFO  manager.MyListener  The element with locator by By.xpath: //a[@href='/login'] is found successfully
20:46:27.062  INFO  tests.TestBase  registrationWrongEmail starts with name2787mail.com & $Abcd1234
20:46:27.062  INFO  manager.MyListener  Start searching element by By.xpath: //input[1]
20:46:27.077  INFO  manager.MyListener  The element with locator by By.xpath: //input[1] is found successfully
20:46:27.194  INFO  manager.MyListener  Start searching element by By.xpath: //input[2]
20:46:27.200  INFO  manager.MyListener  The element with locator by By.xpath: //input[2] is found successfully
20:46:27.317  INFO  manager.MyListener  Start searching element by By.xpath: //button[2]
20:46:27.327  INFO  manager.MyListener  The element with locator by By.xpath: //button[2] is found successfully
20:46:27.900  INFO  manager.NGListener  Test Success: registrationWrongEmail
20:46:27.902  INFO  tests.TestBase       ###### Finished  #########
