21:05:01.193  INFO  manager.ApplicationManager  Testing on Chrome Driver
21:05:01.669  INFO  tests.TestBase             ############### Start  test loginNegativeTestWrongEmail
21:05:01.674  INFO  manager.NGListener  Start of the test: loginNegativeTestWrongEmail
21:05:01.688  INFO  manager.MyListener  Start searching element by By.xpath: //a[@href='/login']
21:05:01.725  INFO  manager.MyListener  The element with locator by By.xpath: //a[@href='/login'] is found successfully
21:05:01.815  INFO  manager.MyListener  Start searching element by By.xpath: //input[1]
21:05:01.847  INFO  manager.MyListener  The element with locator by By.xpath: //input[1] is found successfully
21:05:02.020  INFO  manager.MyListener  Start searching element by By.xpath: //input[2]
21:05:02.043  INFO  manager.MyListener  The element with locator by By.xpath: //input[2] is found successfully
21:05:02.156  INFO  manager.MyListener  Start searching element by By.xpath: //button[1]
21:05:02.169  INFO  manager.MyListener  The element with locator by By.xpath: //button[1] is found successfully
21:05:02.219  INFO  manager.NGListener  Test Success: loginNegativeTestWrongEmail
21:05:02.220  INFO  tests.TestBase       ###### Finished  #########
21:05:02.221  INFO  tests.TestBase             ############### Start  test loginPositiveTest
21:05:02.221  INFO  manager.NGListener  Start of the test: loginPositiveTest
21:05:02.221  INFO  manager.MyListener  Start searching element by By.xpath: //a[@href='/login']
21:05:02.228  INFO  manager.MyListener  The element with locator by By.xpath: //a[@href='/login'] is found successfully
21:05:02.266  INFO  manager.MyListener  Start searching element by By.xpath: //input[1]
21:05:03.239  INFO  manager.MyListener  Something went wrong!
21:05:03.240  INFO  manager.MyListener  Cannot locate an element using xpath=//input[1]
For documentation on this error, please visit: https://www.seleniumhq.org/exceptions/no_such_element.html
Build info: version: '3.141.59', revision: 'e82be7d358', time: '2018-11-14T08:17:03'
System info: host: 'LAPTOP-QKHLCVKT', ip: '192.168.88.107', os.name: 'Windows 11', os.arch: 'amd64', os.version: '10.0', java.version: '1.8.0_333'
Driver info: driver.version: EventFiringWebDriver
21:05:03.240  INFO  manager.MyListener  org.openqa.selenium.NoSuchElementException: Cannot locate an element using xpath=//input[1]
For documentation on this error, please visit: https://www.seleniumhq.org/exceptions/no_such_element.html
Build info: version: '3.141.59', revision: 'e82be7d358', time: '2018-11-14T08:17:03'
System info: host: 'LAPTOP-QKHLCVKT', ip: '192.168.88.107', os.name: 'Windows 11', os.arch: 'amd64', os.version: '10.0', java.version: '1.8.0_333'
Driver info: driver.version: EventFiringWebDriver
21:05:03.250  INFO  manager.NGListener  Test Failure: org.openqa.selenium.UnhandledAlertException: unexpected alert open: {Alert text : Wrong email or password}
  (Session info: chrome=113.0.5672.93): Wrong email or password
Build info: version: '3.141.59', revision: 'e82be7d358', time: '2018-11-14T08:17:03'
System info: host: 'LAPTOP-QKHLCVKT', ip: '192.168.88.107', os.name: 'Windows 11', os.arch: 'amd64', os.version: '10.0', java.version: '1.8.0_333'
Driver info: org.openqa.selenium.chrome.ChromeDriver
Capabilities {acceptInsecureCerts: false, browserName: chrome, browserVersion: 113.0.5672.93, chrome: {chromedriverVersion: 113.0.5672.63 (0e1a4471d5ae..., userDataDir: C:\Users\Liora\AppData\Loca...}, goog:chromeOptions: {debuggerAddress: localhost:49335}, javascriptEnabled: true, networkConnectionEnabled: false, pageLoadStrategy: normal, platform: WINDOWS, platformName: WINDOWS, proxy: Proxy(), setWindowRect: true, strictFileInteractability: false, timeouts: {implicit: 0, pageLoad: 300000, script: 30000}, unhandledPromptBehavior: dismiss and notify, webauthn:extension:credBlob: true, webauthn:extension:largeBlob: true, webauthn:extension:minPinLength: true, webauthn:extension:prf: true, webauthn:virtualAuthenticators: true}
Session ID: 1dd118ca1d02244eb9d3a1f0e29ff111
21:05:03.251  INFO  tests.TestBase       ###### Finished  #########
21:05:03.257  INFO  tests.TestBase             ############### Start  test loginNegativeTestWrongEmail
21:05:03.257  INFO  manager.NGListener  Start of the test: loginNegativeTestWrongEmail
21:05:03.257  INFO  manager.MyListener  Start searching element by By.xpath: //a[@href='/login']
21:05:03.274  INFO  manager.MyListener  The element with locator by By.xpath: //a[@href='/login'] is found successfully
21:05:03.321  INFO  manager.MyListener  Start searching element by By.xpath: //input[1]
21:05:03.338  INFO  manager.MyListener  The element with locator by By.xpath: //input[1] is found successfully
21:05:03.490  INFO  manager.MyListener  Start searching element by By.xpath: //input[2]
21:05:03.504  INFO  manager.MyListener  The element with locator by By.xpath: //input[2] is found successfully
21:05:03.616  INFO  manager.MyListener  Start searching element by By.xpath: //button[1]
21:05:03.633  INFO  manager.MyListener  The element with locator by By.xpath: //button[1] is found successfully
21:05:03.662  INFO  manager.NGListener  Test Success: loginNegativeTestWrongEmail
21:05:03.663  INFO  tests.TestBase       ###### Finished  #########
21:05:03.663  INFO  tests.TestBase             ############### Start  test loginPositiveTest
21:05:03.663  INFO  manager.NGListener  Start of the test: loginPositiveTest
21:05:03.663  INFO  manager.MyListener  Start searching element by By.xpath: //a[@href='/login']
21:05:03.679  INFO  manager.MyListener  The element with locator by By.xpath: //a[@href='/login'] is found successfully
21:05:03.712  INFO  manager.MyListener  Start searching element by By.xpath: //input[1]
21:05:04.034  INFO  manager.MyListener  Something went wrong!
21:05:04.034  INFO  manager.MyListener  Cannot locate an element using xpath=//input[1]
For documentation on this error, please visit: https://www.seleniumhq.org/exceptions/no_such_element.html
Build info: version: '3.141.59', revision: 'e82be7d358', time: '2018-11-14T08:17:03'
System info: host: 'LAPTOP-QKHLCVKT', ip: '192.168.88.107', os.name: 'Windows 11', os.arch: 'amd64', os.version: '10.0', java.version: '1.8.0_333'
Driver info: driver.version: EventFiringWebDriver
21:05:04.034  INFO  manager.MyListener  org.openqa.selenium.NoSuchElementException: Cannot locate an element using xpath=//input[1]
For documentation on this error, please visit: https://www.seleniumhq.org/exceptions/no_such_element.html
Build info: version: '3.141.59', revision: 'e82be7d358', time: '2018-11-14T08:17:03'
System info: host: 'LAPTOP-QKHLCVKT', ip: '192.168.88.107', os.name: 'Windows 11', os.arch: 'amd64', os.version: '10.0', java.version: '1.8.0_333'
Driver info: driver.version: EventFiringWebDriver
21:05:04.038  INFO  manager.NGListener  Test Failure: org.openqa.selenium.UnhandledAlertException: unexpected alert open: {Alert text : Wrong email or password}
  (Session info: chrome=113.0.5672.93): Wrong email or password
Build info: version: '3.141.59', revision: 'e82be7d358', time: '2018-11-14T08:17:03'
System info: host: 'LAPTOP-QKHLCVKT', ip: '192.168.88.107', os.name: 'Windows 11', os.arch: 'amd64', os.version: '10.0', java.version: '1.8.0_333'
Driver info: org.openqa.selenium.chrome.ChromeDriver
Capabilities {acceptInsecureCerts: false, browserName: chrome, browserVersion: 113.0.5672.93, chrome: {chromedriverVersion: 113.0.5672.63 (0e1a4471d5ae..., userDataDir: C:\Users\Liora\AppData\Loca...}, goog:chromeOptions: {debuggerAddress: localhost:49335}, javascriptEnabled: true, networkConnectionEnabled: false, pageLoadStrategy: normal, platform: WINDOWS, platformName: WINDOWS, proxy: Proxy(), setWindowRect: true, strictFileInteractability: false, timeouts: {implicit: 0, pageLoad: 300000, script: 30000}, unhandledPromptBehavior: dismiss and notify, webauthn:extension:credBlob: true, webauthn:extension:largeBlob: true, webauthn:extension:minPinLength: true, webauthn:extension:prf: true, webauthn:virtualAuthenticators: true}
Session ID: 1dd118ca1d02244eb9d3a1f0e29ff111
21:05:04.039  INFO  tests.TestBase       ###### Finished  #########
21:05:04.040  INFO  tests.TestBase             ############### Start  test regPositiveTest
21:05:04.040  INFO  manager.MyListener  Start searching element by By.xpath: //button[.='Sign Out']
21:05:14.063  INFO  manager.MyListener  The element with locator by By.xpath: //button[.='Sign Out'] is found successfully
21:05:14.064  INFO  manager.NGListener  Start of the test: regPositiveTest
21:05:14.064  INFO  manager.MyListener  Start searching element by By.xpath: //a[@href='/login']
21:05:14.074  INFO  manager.MyListener  The element with locator by By.xpath: //a[@href='/login'] is found successfully
21:05:14.111  INFO  manager.MyListener  Start searching element by By.xpath: //input[1]
21:05:14.123  INFO  manager.MyListener  The element with locator by By.xpath: //input[1] is found successfully
21:05:14.231  INFO  manager.MyListener  Start searching element by By.xpath: //input[2]
21:05:14.245  INFO  manager.MyListener  The element with locator by By.xpath: //input[2] is found successfully
21:05:14.356  INFO  manager.MyListener  Start searching element by By.xpath: //button[2]
21:05:14.370  INFO  manager.MyListener  The element with locator by By.xpath: //button[2] is found successfully
21:05:14.402  INFO  manager.MyListener  Start searching element by By.xpath: //a[text()='ADD']
21:05:14.884  INFO  manager.MyListener  The element with locator by By.xpath: //a[text()='ADD'] is found successfully
21:05:14.886  INFO  manager.NGListener  Test Success: regPositiveTest
21:05:14.886  INFO  tests.TestBase       ###### Finished  #########
21:05:14.888  INFO  tests.TestBase             ############### Start  test registrationWrongEmail
21:05:14.888  INFO  manager.MyListener  Start searching element by By.xpath: //button[.='Sign Out']
21:05:14.902  INFO  manager.MyListener  The element with locator by By.xpath: //button[.='Sign Out'] is found successfully
21:05:14.902  INFO  manager.MyListener  Start searching element by By.xpath: //button[.='Sign Out']
21:05:14.921  INFO  manager.MyListener  The element with locator by By.xpath: //button[.='Sign Out'] is found successfully
21:05:14.962  INFO  manager.NGListener  Start of the test: registrationWrongEmail
21:05:14.962  INFO  manager.MyListener  Start searching element by By.xpath: //a[@href='/login']
21:05:14.980  INFO  manager.MyListener  The element with locator by By.xpath: //a[@href='/login'] is found successfully
21:05:15.018  INFO  tests.TestBase  registrationWrongEmail starts with name315mail.com & $Abcd1234
21:05:15.019  INFO  manager.MyListener  Start searching element by By.xpath: //input[1]
21:05:15.040  INFO  manager.MyListener  The element with locator by By.xpath: //input[1] is found successfully
21:05:15.146  INFO  manager.MyListener  Start searching element by By.xpath: //input[2]
21:05:15.164  INFO  manager.MyListener  The element with locator by By.xpath: //input[2] is found successfully
21:05:15.262  INFO  manager.MyListener  Start searching element by By.xpath: //button[2]
21:05:15.275  INFO  manager.MyListener  The element with locator by By.xpath: //button[2] is found successfully
21:05:15.893  INFO  manager.NGListener  Test Success: registrationWrongEmail
21:05:15.896  INFO  tests.TestBase       ###### Finished  #########
